global/bin/activate_this.py:58: error: Module has no attribute "real_prefix"
experiment-tracker/src/experiment_tracker/utils/state_file.py:99: error: Incompatible default for argument "checkpoint_path" (default has type "None", argument has type "str")
experiment-tracker/src/experiment_tracker/utils/state_file.py:99: note: PEP 484 prohibits implicit Optional. Accordingly, mypy has changed its default to no_implicit_optional=True
experiment-tracker/src/experiment_tracker/utils/state_file.py:99: note: Use https://github.com/hauntsaninja/no_implicit_optional to automatically upgrade your codebase
AgentQMS/agent_tools/utilities/agent_feedback.py:52: error: Incompatible return value type (got "str | None", expected "str")
AgentQMS/agent_tools/core/plugins/validation.py:32: error: Incompatible default for argument "path" (default has type "None", argument has type "list[Any]")
AgentQMS/agent_tools/core/plugins/validation.py:32: note: PEP 484 prohibits implicit Optional. Accordingly, mypy has changed its default to no_implicit_optional=True
AgentQMS/agent_tools/core/plugins/validation.py:32: note: Use https://github.com/hauntsaninja/no_implicit_optional to automatically upgrade your codebase
AgentQMS/agent_tools/compliance/documentation_quality_monitor.py:18: error: Need type annotation for "issues" (hint: "issues: list[<type>] = ...")
experiment-tracker/src/experiment_tracker/database.py:129: error: Incompatible default for argument "impact" (default has type "None", argument has type "str")
experiment-tracker/src/experiment_tracker/database.py:129: note: PEP 484 prohibits implicit Optional. Accordingly, mypy has changed its default to no_implicit_optional=True
experiment-tracker/src/experiment_tracker/database.py:129: note: Use https://github.com/hauntsaninja/no_implicit_optional to automatically upgrade your codebase
experiment-tracker/src/experiment_tracker/database.py:232: error: Incompatible types in assignment (expression has type "list[dict[Any, Any]]", target has type "dict[Any, Any]")
experiment-tracker/src/experiment_tracker/database.py:241: error: Incompatible types in assignment (expression has type "list[dict[Any, Any]]", target has type "dict[Any, Any]")
AgentQMS/agent_tools/utilities/tracking_repair.py:223: error: Argument 1 to "append" of "list" has incompatible type "tuple[str, int, str]"; expected "tuple[str, str, str]"
AgentQMS/agent_tools/utilities/tracking_repair.py:224: error: Argument 1 to "append" of "list" has incompatible type "tuple[str, int, str, str]"; expected "tuple[str, str, str, str]"
AgentQMS/agent_tools/utilities/tracking_repair.py:230: error: Argument 1 to "append" of "list" has incompatible type "tuple[str, int, str]"; expected "tuple[str, str, str]"
experiment-tracker/src/experiment_tracker/core.py:57: error: Incompatible default for argument "tags" (default has type "None", argument has type "list[str]")
experiment-tracker/src/experiment_tracker/core.py:57: note: PEP 484 prohibits implicit Optional. Accordingly, mypy has changed its default to no_implicit_optional=True
experiment-tracker/src/experiment_tracker/core.py:57: note: Use https://github.com/hauntsaninja/no_implicit_optional to automatically upgrade your codebase
apps/agentqms-dashboard/ocr_inference_sample.py:35: error: Incompatible types in assignment (expression has type "None", variable has type Module)
apps/agentqms-dashboard/ocr_inference_sample.py:36: error: Incompatible types in assignment (expression has type "None", variable has type Module)
apps/agentqms-dashboard/ocr_inference_sample.py:37: error: Incompatible types in assignment (expression has type "None", variable has type Module)
apps/agentqms-dashboard/ocr_inference_sample.py:55: error: Incompatible types in assignment (expression has type "ImageFont", variable has type "FreeTypeFont")
apps/agentqms-dashboard/ocr_inference_sample.py:56: error: Incompatible types in assignment (expression has type "ImageFont", variable has type "FreeTypeFont")
apps/agentqms-dashboard/ocr_inference_sample.py:57: error: Incompatible types in assignment (expression has type "ImageFont", variable has type "FreeTypeFont")
apps/agentqms-dashboard/ocr_inference_sample.py:131: error: Incompatible types in assignment (expression has type "ImageFont", variable has type "FreeTypeFont")
apps/agentqms-dashboard/ocr_inference_sample.py:132: error: Incompatible types in assignment (expression has type "ImageFont", variable has type "FreeTypeFont")
apps/agentqms-dashboard/ocr_inference_sample.py:151: error: Argument 1 to "rectangle" of "ImageDraw" has incompatible type "list[tuple[int, int]]"; expected "tuple[float, float, float, float] | tuple[tuple[float, float], tuple[float, float]]"
apps/agentqms-dashboard/ocr_inference_sample.py:178: error: "Collection[Collection[str]]" has no attribute "append"
apps/agentqms-dashboard/ocr_inference_sample.py:248: error: "Collection[Collection[str]]" has no attribute "extend"
AgentQMS/agent_tools/documentation/validate_links.py:151: error: Need type annotation for "graph" (hint: "graph: dict[<type>, <type>] = ...")
AgentQMS/agent_tools/utils/config.py:121: error: Name "yaml_files" already defined on line 106
AgentQMS/agent_tools/utilities/artifacts_status.py:55: error: "ArtifactLifecycle" has no attribute "get_current_state"
AgentQMS/agent_tools/utilities/artifacts_status.py:129: error: Need type annotation for "states" (hint: "states: dict[<type>, <type>] = ...")
ocr/inference/extraction/receipt_schema.py:142: error: Incompatible return value type (got "Decimal | Literal[0]", expected "Decimal")
ocr/datasets/preprocessing/config.py:14: error: Cannot assign multiple types to name "_list_config_type" without an explicit "type[...]" annotation
ocr/datasets/preprocessing/config.py:14: error: Incompatible types in assignment (expression has type "None", variable has type "type[ListConfig]")
AgentQMS/agent_tools/maintenance/add_frontmatter.py:91: error: Dict entry 4 has incompatible type "str": "list[str]"; expected "str": "str"
ocr/inference/extraction/field_extractor.py:208: error: Argument "payment_method" to "ReceiptData" has incompatible type "str"; expected "Literal['cash', 'card', 'mobile', 'gift_card', 'unknown']"
AgentQMS/agent_tools/utilities/smart_populate.py:115: error: Incompatible types in assignment (expression has type "list[str]", target has type "str")
AgentQMS/agent_tools/utilities/smart_populate.py:117: error: Incompatible types in assignment (expression has type "list[Never]", target has type "str")
AgentQMS/agent_tools/utilities/legacy_migrator.py:294: error: Incompatible types in assignment (expression has type "bool", target has type "str")
AgentQMS/agent_tools/utilities/legacy_migrator.py:299: error: Incompatible types in assignment (expression has type "bool", target has type "str")
AgentQMS/agent_tools/utilities/legacy_migrator.py:303: error: Incompatible types in assignment (expression has type "bool", target has type "str")
AgentQMS/agent_tools/utilities/tracking/db.py:264: error: Incompatible types in assignment (expression has type "tuple[str, str]", variable has type "tuple[str, str, str]")
AgentQMS/agent_tools/audit/framework_audit.py:85: error: "Collection[str]" has no attribute "append"
AgentQMS/agent_tools/audit/framework_audit.py:93: error: "Collection[str]" has no attribute "append"
AgentQMS/agent_tools/audit/framework_audit.py:102: error: "Collection[str]" has no attribute "append"
AgentQMS/agent_tools/audit/framework_audit.py:311: error: "Collection[str]" has no attribute "append"
AgentQMS/agent_tools/audit/framework_audit.py:370: error: Unsupported target for indexed assignment ("Collection[str]")
AgentQMS/agent_tools/audit/framework_audit.py:373: error: Unsupported target for indexed assignment ("Collection[str]")
AgentQMS/agent_tools/audit/framework_audit.py:374: error: Unsupported target for indexed assignment ("Collection[str]")
AgentQMS/agent_tools/audit/framework_audit.py:390: error: Value of type "Collection[str]" is not indexable
AgentQMS/agent_tools/audit/framework_audit.py:391: error: Value of type "Collection[str]" is not indexable
AgentQMS/agent_tools/audit/framework_audit.py:392: error: Value of type "Collection[str]" is not indexable
AgentQMS/agent_tools/audit/framework_audit.py:400: error: "str" has no attribute "get"
AgentQMS/agent_tools/audit/framework_audit.py:401: error: Invalid index type "str" for "str"; expected type "SupportsIndex | slice[Any, Any, Any]"
AgentQMS/agent_tools/audit/framework_audit.py:402: error: "str" has no attribute "get"
AgentQMS/agent_tools/audit/framework_audit.py:404: error: "str" has no attribute "get"
AgentQMS/agent_tools/audit/framework_audit.py:413: error: "str" has no attribute "get"
AgentQMS/agent_tools/audit/framework_audit.py:414: error: Invalid index type "str" for "str"; expected type "SupportsIndex | slice[Any, Any, Any]"
AgentQMS/agent_tools/audit/framework_audit.py:415: error: "str" has no attribute "get"
AgentQMS/agent_tools/audit/framework_audit.py:417: error: "str" has no attribute "get"
AgentQMS/agent_tools/audit/framework_audit.py:426: error: "str" has no attribute "get"
AgentQMS/agent_tools/audit/framework_audit.py:427: error: Invalid index type "str" for "str"; expected type "SupportsIndex | slice[Any, Any, Any]"
AgentQMS/agent_tools/audit/framework_audit.py:428: error: "str" has no attribute "get"
AgentQMS/agent_tools/audit/framework_audit.py:430: error: "str" has no attribute "get"
AgentQMS/agent_tools/audit/framework_audit.py:439: error: "str" has no attribute "get"
AgentQMS/agent_tools/audit/framework_audit.py:440: error: Invalid index type "str" for "str"; expected type "SupportsIndex | slice[Any, Any, Any]"
AgentQMS/agent_tools/audit/framework_audit.py:441: error: "str" has no attribute "get"
AgentQMS/agent_tools/audit/framework_audit.py:443: error: "str" has no attribute "get"
AgentQMS/agent_tools/audit/framework_audit.py:448: error: Value of type "Collection[str]" is not indexable
AgentQMS/agent_tools/audit/framework_audit.py:451: error: Value of type "Collection[str]" is not indexable
AgentQMS/agent_tools/audit/checklist_tool.py:71: error: Need type annotation for "categories" (hint: "categories: dict[<type>, <type>] = ...")
AgentQMS/agent_tools/core/workflow_detector.py:157: error: "Sequence[str]" has no attribute "copy"
AgentQMS/agent_tools/core/workflow_detector.py:158: error: "Sequence[str]" has no attribute "copy"
AgentQMS/agent_tools/core/artifact_templates.py:40: error: Incompatible types in assignment (expression has type "None", variable has type "Callable[[Path | None], str]")
AgentQMS/agent_tools/core/artifact_templates.py:41: error: Incompatible types in assignment (expression has type "None", variable has type "Callable[[datetime | None], str]")
AgentQMS/agent_tools/core/artifact_templates.py:837: error: Function "get_kst_timestamp" could always be true in boolean context
AgentQMS/agent_tools/core/artifact_templates.py:847: error: Function "get_current_branch" could always be true in boolean context
AgentQMS/agent_tools/compliance/validate_artifacts.py:165: error: Need type annotation for "violations" (hint: "violations: list[<type>] = ...")
AgentQMS/agent_tools/compliance/validate_artifacts.py:377: error: Item "None" of "Match[Any] | None" has no attribute "end"
AgentQMS/agent_tools/compliance/validate_artifacts.py:654: error: Incompatible default for argument "strict_mode" (default has type "None", argument has type "bool")
AgentQMS/agent_tools/compliance/validate_artifacts.py:654: note: PEP 484 prohibits implicit Optional. Accordingly, mypy has changed its default to no_implicit_optional=True
AgentQMS/agent_tools/compliance/validate_artifacts.py:654: note: Use https://github.com/hauntsaninja/no_implicit_optional to automatically upgrade your codebase
AgentQMS/agent_tools/compliance/validate_artifacts.py:693: error: Unsupported left operand type for + ("object")
AgentQMS/agent_tools/compliance/validate_artifacts.py:700: error: Unsupported left operand type for + ("object")
AgentQMS/agent_tools/compliance/validate_artifacts.py:702: error: Unsupported left operand type for + ("object")
AgentQMS/agent_tools/compliance/validate_artifacts.py:709: error: Unsupported left operand type for + ("object")
AgentQMS/agent_tools/compliance/validate_artifacts.py:711: error: Unsupported left operand type for + ("object")
AgentQMS/agent_tools/compliance/validate_artifacts.py:718: error: Unsupported left operand type for + ("object")
AgentQMS/agent_tools/compliance/validate_artifacts.py:720: error: Unsupported left operand type for + ("object")
AgentQMS/agent_tools/compliance/validate_artifacts.py:727: error: Unsupported left operand type for + ("object")
AgentQMS/agent_tools/compliance/validate_artifacts.py:729: error: Unsupported left operand type for + ("object")
AgentQMS/agent_tools/compliance/validate_artifacts.py:733: error: Incompatible default for argument "strict_mode" (default has type "None", argument has type "bool")
AgentQMS/agent_tools/compliance/validate_artifacts.py:733: note: PEP 484 prohibits implicit Optional. Accordingly, mypy has changed its default to no_implicit_optional=True
AgentQMS/agent_tools/compliance/validate_artifacts.py:733: note: Use https://github.com/hauntsaninja/no_implicit_optional to automatically upgrade your codebase
AgentQMS/agent_tools/compliance/validate_artifacts.py:761: error: Incompatible default for argument "strict_mode" (default has type "None", argument has type "bool")
AgentQMS/agent_tools/compliance/validate_artifacts.py:761: note: PEP 484 prohibits implicit Optional. Accordingly, mypy has changed its default to no_implicit_optional=True
AgentQMS/agent_tools/compliance/validate_artifacts.py:761: note: Use https://github.com/hauntsaninja/no_implicit_optional to automatically upgrade your codebase
AgentQMS/agent_tools/compliance/validate_artifacts.py:856: error: "object" has no attribute "append"
AgentQMS/agent_tools/compliance/validate_artifacts.py:859: error: "object" has no attribute "append"
AgentQMS/agent_tools/compliance/validate_artifacts.py:861: error: "object" has no attribute "append"
AgentQMS/agent_tools/compliance/validate_artifacts.py:867: error: "object" has no attribute "append"
AgentQMS/agent_tools/compliance/validate_artifacts.py:870: error: "object" has no attribute "append"
AgentQMS/vlm/prompts/manager.py:13: error: Cannot assign to a type
AgentQMS/vlm/prompts/manager.py:13: error: Incompatible types in assignment (expression has type "None", variable has type "type[Environment]")
AgentQMS/vlm/prompts/manager.py:14: error: Cannot assign to a type
AgentQMS/vlm/prompts/manager.py:14: error: Incompatible types in assignment (expression has type "None", variable has type "type[FileSystemLoader]")
AgentQMS/vlm/integrations/via.py:121: error: Argument 1 to "rectangle" of "ImageDraw" has incompatible type "list[tuple[Any, Any]]"; expected "tuple[float, float, float, float] | tuple[tuple[float, float], tuple[float, float]]"
AgentQMS/agent_tools/core/artifact_workflow.py:67: error: Incompatible types in assignment (expression has type "str | Path", variable has type "Path")
AgentQMS/agent_tools/core/artifact_workflow.py:410: error: Argument 4 to "create_artifact" of "ArtifactWorkflow" has incompatible type "**dict[str, str]"; expected "bool"
AgentQMS/agent_tools/compliance/monitor_artifacts.py:68: error: Need type annotation for "violation_categories"
AgentQMS/agent_tools/audit/artifact_audit.py:277: error: Unsupported operand types for + ("object" and "int")
AgentQMS/agent_tools/audit/artifact_audit.py:281: error: Unsupported operand types for + ("object" and "int")
AgentQMS/agent_tools/audit/artifact_audit.py:293: error: Unsupported operand types for + ("object" and "int")
AgentQMS/agent_tools/audit/artifact_audit.py:315: error: Unsupported operand types for + ("object" and "int")
AgentQMS/agent_tools/audit/artifact_audit.py:327: error: Unsupported operand types for + ("object" and "int")
AgentQMS/agent_tools/audit/artifact_audit.py:331: error: Unsupported operand types for + ("object" and "int")
AgentQMS/agent_tools/audit/artifact_audit.py:338: error: Need type annotation for "validation_results"
tests/perf/pipeline_bench.py:85: error: Dict entry 0 has incompatible type "str": "dict[str, float]"; expected "str": "float"
tests/perf/pipeline_bench.py:86: error: Dict entry 1 has incompatible type "str": "dict[str, float]"; expected "str": "float"
tests/perf/pipeline_bench.py:87: error: Dict entry 2 has incompatible type "str": "dict[str, float]"; expected "str": "float"
ocr/utils/perspective_correction/geometry.py:108: error: No overload variant of "fillPoly" matches argument types "ndarray[Any, dtype[unsignedinteger[_8Bit]]]", "list[ndarray[Any, dtype[signedinteger[_32Bit]]]]", "int"
ocr/utils/perspective_correction/geometry.py:108: note: Possible overload variants:
ocr/utils/perspective_correction/geometry.py:108: note:     def fillPoly(img: Mat | ndarray[Any, dtype[integer[Any] | floating[Any]]], pts: Sequence[Mat | ndarray[Any, dtype[integer[Any] | floating[Any]]]], color: Sequence[float], lineType: int = ..., shift: int = ..., offset: Sequence[int] = ...) -> Mat | ndarray[Any, dtype[integer[Any] | floating[Any]]]
ocr/utils/perspective_correction/geometry.py:108: note:     def fillPoly(img: UMat, pts: Sequence[UMat], color: Sequence[float], lineType: int = ..., shift: int = ..., offset: Sequence[int] = ...) -> UMat
ocr/utils/perspective_correction/geometry.py:112: error: No overload variant of "fillPoly" matches argument types "ndarray[Any, dtype[unsignedinteger[_8Bit]]]", "list[ndarray[Any, dtype[signedinteger[_32Bit]]]]", "int"
ocr/utils/perspective_correction/geometry.py:112: note: Possible overload variants:
ocr/utils/perspective_correction/geometry.py:112: note:     def fillPoly(img: Mat | ndarray[Any, dtype[integer[Any] | floating[Any]]], pts: Sequence[Mat | ndarray[Any, dtype[integer[Any] | floating[Any]]]], color: Sequence[float], lineType: int = ..., shift: int = ..., offset: Sequence[int] = ...) -> Mat | ndarray[Any, dtype[integer[Any] | floating[Any]]]
ocr/utils/perspective_correction/geometry.py:112: note:     def fillPoly(img: UMat, pts: Sequence[UMat], color: Sequence[float], lineType: int = ..., shift: int = ..., offset: Sequence[int] = ...) -> UMat
ocr/inference/preview_generator.py:81: error: Argument 1 to "b64encode" has incompatible type "ndarray[Any, dtype[unsignedinteger[_8Bit]]]"; expected "Buffer"
apps/ocr_inference_console/backend/services/preprocessing_service.py:54: error: Module has no attribute "binascii"
ocr/utils/perspective_correction/quality_metrics.py:136: error: Argument 1 to "append" of "list" has incompatible type "None"; expected "float"
ocr/utils/perspective_correction/fitting.py:297: error: Argument 1 to "append" of "list" has incompatible type "ndarray[Any, Any] | float"; expected "ndarray[Any, Any]"
ocr/utils/perspective_correction/fitting.py:298: error: Argument 1 to "append" of "list" has incompatible type "ndarray[Any, Any] | float"; expected "ndarray[Any, Any]"
ocr/utils/perspective_correction/fitting.py:367: error: Argument 1 to "_intersect_lines" has incompatible type "tuple[float, float, float, float] | None"; expected "tuple[float, float, float, float]"
ocr/utils/perspective_correction/fitting.py:367: error: Argument 2 to "_intersect_lines" has incompatible type "tuple[float, float, float, float] | None"; expected "tuple[float, float, float, float]"
ocr/utils/perspective_correction/fitting.py:368: error: Argument 1 to "_intersect_lines" has incompatible type "tuple[float, float, float, float] | None"; expected "tuple[float, float, float, float]"
ocr/utils/perspective_correction/fitting.py:368: error: Argument 2 to "_intersect_lines" has incompatible type "tuple[float, float, float, float] | None"; expected "tuple[float, float, float, float]"
ocr/utils/perspective_correction/fitting.py:369: error: Argument 1 to "_intersect_lines" has incompatible type "tuple[float, float, float, float] | None"; expected "tuple[float, float, float, float]"
ocr/utils/perspective_correction/fitting.py:369: error: Argument 2 to "_intersect_lines" has incompatible type "tuple[float, float, float, float] | None"; expected "tuple[float, float, float, float]"
ocr/utils/perspective_correction/fitting.py:370: error: Argument 1 to "_intersect_lines" has incompatible type "tuple[float, float, float, float] | None"; expected "tuple[float, float, float, float]"
ocr/utils/perspective_correction/fitting.py:370: error: Argument 2 to "_intersect_lines" has incompatible type "tuple[float, float, float, float] | None"; expected "tuple[float, float, float, float]"
ocr/utils/perspective_correction/core.py:187: error: Incompatible types in assignment (expression has type "Mat | ndarray[Any, dtype[integer[Any] | floating[Any]]]", variable has type "ndarray[Any, dtype[signedinteger[Any]]]")
AgentQMS/vlm/backends/solar_pro2.py:9: error: Incompatible types in assignment (expression has type "None", variable has type Module)
ocr/utils/checkpoints/inference_engine.py:67: error: Incompatible types in assignment (expression has type "None", variable has type "Callable[[list[Callable[..., Any] | tuple[Callable[..., Any], str]]], None]")
AgentQMS/vlm/backends/openrouter.py:9: error: Cannot assign to a type
AgentQMS/vlm/backends/openrouter.py:9: error: Incompatible types in assignment (expression has type "None", variable has type "type[OpenAI]")
AgentQMS/vlm/backends/dashscope.py:12: error: Cannot assign to a type
AgentQMS/vlm/backends/dashscope.py:12: error: Incompatible types in assignment (expression has type "None", variable has type "type[OpenAI]")
AgentQMS/ocr/next_run_proposer.py:77: error: Argument "key" to "sorted" has incompatible type "Callable[[dict[str, object]], object]"; expected "Callable[[dict[str, object]], SupportsDunderLT[Any] | SupportsDunderGT[Any]]"
AgentQMS/ocr/next_run_proposer.py:77: error: Incompatible return value type (got "object", expected "SupportsDunderLT[Any] | SupportsDunderGT[Any]")
ocr/utils/checkpoints/catalog.py:374: error: Argument "exp_name" to "CheckpointCatalogEntry" has incompatible type "str | None"; expected "str"
ocr/datasets/base.py:554: error: Argument "polygons" to "TransformInput" has incompatible type "list[ValidatedPolygonData]"; expected "list[PolygonData] | None"
ocr/datasets/base.py:554: note: "list" is invariant -- see https://mypy.readthedocs.io/en/stable/common_issues.html#variance
ocr/datasets/base.py:554: note: Consider using "Sequence" instead, which is covariant
ocr/datasets/base.py:896: error: Cannot assign to a type
ocr/datasets/base.py:896: error: Incompatible types in assignment (expression has type "type[ValidatedOCRDataset]", variable has type "type[Dataset[_T_co]]")
ocr/utils/config_utils.py:67: error: Need type annotation for "result" (hint: "result: dict[<type>, <type>] = ...")
ocr/utils/config_utils.py:93: error: Argument 1 to "nest_at_path" has incompatible type "dict[str | bytes | int | Enum | float | bool, Any] | list[Any] | str | Any | None"; expected "dict[Any, Any]"
ocr/utils/config_utils.py:94: error: Incompatible return value type (got "DictConfig | ListConfig", expected "DictConfig")
ocr/utils/config_utils.py:102: error: Incompatible types in assignment (expression has type "ListConfig | DictConfig", variable has type "DictConfig")
ocr/utils/config_utils.py:122: error: Incompatible types in assignment (expression has type "ListConfig | DictConfig", variable has type "DictConfig")
ocr/utils/config_utils.py:136: error: Incompatible types in assignment (expression has type "ListConfig | DictConfig", variable has type "DictConfig")
ocr/utils/config_utils.py:140: error: Incompatible types in assignment (expression has type "ListConfig | DictConfig", variable has type "DictConfig")
ocr/utils/config_utils.py:146: error: Argument 1 to "nest_at_path" has incompatible type "dict[str | bytes | int | Enum | float | bool, Any] | list[Any] | str | Any | None"; expected "dict[Any, Any]"
AgentQMS/vlm/core/client.py:256: error: Incompatible types in assignment (expression has type "SolarPro2Settings", variable has type "OpenRouterSettings")
AgentQMS/vlm/core/client.py:261: error: "OpenRouterSettings" has no attribute "endpoint"
AgentQMS/vlm/core/client.py:263: error: Incompatible types in assignment (expression has type "DashScopeSettings", variable has type "OpenRouterSettings")
AgentQMS/vlm/core/client.py:268: error: "OpenRouterSettings" has no attribute "endpoint"
ocr/inference/config_loader.py:281: error: Incompatible types in assignment (expression has type "str", variable has type "Path")
ocr/inference/preprocess.py:179: error: Need more than 2 values to unpack (3 expected)
ocr/inference/preprocess.py:182: error: Too many values to unpack (2 expected, 3 provided)
ocr/lightning_modules/callbacks/unique_checkpoint.py:288: error: Argument "training_phase" to "TrainingInfo" has incompatible type "str"; expected "Literal['training', 'validation', 'finetuning']"
ocr/lightning_modules/callbacks/unique_checkpoint.py:304: error: Argument "mode" to "CheckpointingConfig" has incompatible type "str"; expected "Literal['min', 'max']"
ocr/lightning_modules/callbacks/metadata_callback.py:260: error: Missing positional arguments "task", "name", "run_id", "checkpoint_name" in call to "add_checkpoint" of "CheckpointIndex"
ocr/lightning_modules/callbacks/metadata_callback.py:260: error: Argument 2 to "add_checkpoint" of "CheckpointIndex" has incompatible type "CheckpointMetadataV1"; expected "str"
ocr/inference/preprocessing_pipeline.py:143: error: Incompatible types in assignment (expression has type "Any | tuple[Any, Any]", variable has type "ndarray[Any, Any]")
ocr/inference/preprocessing_pipeline.py:225: error: Argument "original_shape" to "PreprocessingResult" has incompatible type "tuple[int, ...]"; expected "tuple[int, int, int]"
tests/unit/test_preprocessing_pipeline.py:6: error: Module "ocr.inference.dependencies" has no attribute "torch"
tests/unit/test_preprocessing_pipeline.py:6: error: Module "ocr.inference.dependencies" has no attribute "transforms"
tests/unit/test_lightning_module.py:59: note: By default the bodies of untyped functions are not checked, consider using --check-untyped-defs
ocr/inference/model_manager.py:116: error: Argument 2 to "_extract_model_config" of "ModelManager" has incompatible type "Path"; expected "str"
runners/train_fast.py:105: error: Item "int" of "Callable[[int, FrameType | None], Any] | int | None" has no attribute "__name__"
runners/train_fast.py:105: error: Item "None" of "Callable[[int, FrameType | None], Any] | int | None" has no attribute "__name__"
ocr/inference/orchestrator.py:104: error: Incompatible types in assignment (expression has type "CropExtractor", variable has type "None")
ocr/inference/orchestrator.py:105: error: Incompatible types in assignment (expression has type "TextRecognizer", variable has type "None")
ocr/inference/orchestrator.py:187: error: "None" not callable
ocr/inference/orchestrator.py:229: error: Argument 1 to "transform_polygons_inverse" has incompatible type "Sequence[object]"; expected "str"
ocr/inference/orchestrator.py:240: error: Argument "original_shape" to "PreprocessingResult" has incompatible type "tuple[int, ...]"; expected "tuple[int, int, int]"
ocr/inference/orchestrator.py:342: error: "None" has no attribute "extract_crops"
ocr/inference/orchestrator.py:364: error: "None" has no attribute "recognize_batch"
tests/ocr/utils/test_orientation.py:156: error: "InferenceEngine" has no attribute "_remap_predictions_if_needed"
apps/ocr_inference_console/backend/services/inference_service.py:26: note: By default the bodies of untyped functions are not checked, consider using --check-untyped-defs
apps/ocr_inference_console/backend/services/inference_service.py:27: note: By default the bodies of untyped functions are not checked, consider using --check-untyped-defs
apps/ocr_inference_console/backend/services/inference_service.py:107: error: Item "None" of "InferenceEngine | None" has no attribute "predict_array"
apps/ocr_inference_console/backend/services/inference_service.py:162: error: Item "None" of "InferenceEngine | None" has no attribute "load_model"
Found 174 errors in 56 files (checked 425 source files)
